<?xml version="1.0" encoding="UTF-8"?>
<testng-results ignored="0" total="1" passed="1" failed="0" skipped="0">
  <reporter-output>
  </reporter-output>
  <suite started-at="2019-11-03T18:30:59Z" name="Data Tests" finished-at="2019-11-03T18:31:19Z" duration-ms="19911">
    <groups>
    </groups>
    <test started-at="2019-11-03T18:30:59Z" name="Smoke" finished-at="2019-11-03T18:31:19Z" duration-ms="19911">
      <class name="testcase.DemoTest">
        <test-method is-config="true" signature="setUp()[pri:0, instance:testcase.DemoTest@2506b881]" started-at="2019-11-03T18:30:59Z" name="setUp" finished-at="2019-11-03T18:31:10Z" duration-ms="10626" status="PASS">
          <reporter-output>
          </reporter-output>
        </test-method> <!-- setUp -->
        <test-method signature="someTestCase()[pri:0, instance:testcase.DemoTest@2506b881]" started-at="2019-11-03T18:31:10Z" name="someTestCase" finished-at="2019-11-03T18:31:15Z" duration-ms="5557" status="PASS">
          <reporter-output>
          </reporter-output>
        </test-method> <!-- someTestCase -->
        <test-method is-config="true" signature="tearDown()[pri:0, instance:testcase.DemoTest@2506b881]" started-at="2019-11-03T18:31:15Z" name="tearDown" finished-at="2019-11-03T18:31:19Z" duration-ms="3626" status="PASS">
          <reporter-output>
          </reporter-output>
        </test-method> <!-- tearDown -->
      </class> <!-- testcase.DemoTest -->
    </test> <!-- Smoke -->
  </suite> <!-- Data Tests -->
</testng-results>
